<?xml version="1.0" encoding="UTF-8"?>
<!-- Generated by org.testng.reporters.JUnitReportReporter -->
<testsuite hostname="DESKTOP-NV0AGAS" failures="0" tests="1" name="practice.Rahulsetty" time="0.889" errors="0" timestamp="2024-04-04T01:21:09 IST" skipped="0">
  <testcase classname="practice.Rahulsetty" name="webtableFixedheader" time="0.889"/>
</testsuite> <!-- practice.Rahulsetty -->
