<?xml version="1.0" encoding="UTF-8"?>
<!-- Generated by org.testng.reporters.JUnitReportReporter -->
<testsuite hostname="DESKTOP-NV0AGAS" failures="0" tests="1" name="practice.Rahulsetty" time="9.304" errors="0" timestamp="2024-04-03T23:11:56 IST" skipped="0">
  <testcase classname="practice.Rahulsetty" name="radio" time="9.304"/>
</testsuite> <!-- practice.Rahulsetty -->
